<?xml version="1.0" encoding="UTF-8"?>
<!-- Generated by org.testng.reporters.JUnitReportReporter -->
<testsuite hostname="LAPTOP-AN4VQIJA" failures="0" tests="4" name="api.testcases.UserTest" time="11.677" errors="0" timestamp="2024-12-05T00:16:39 IST" skipped="0">
  <testcase classname="api.testcases.UserTest" name="testCreateUser" time="4.445"/>
  <system-out/>
  <testcase classname="api.testcases.UserTest" name="testGetUserData" time="1.720"/>
  <system-out/>
  <testcase classname="api.testcases.UserTest" name="testUpdateUser" time="3.682"/>
  <system-out/>
  <testcase classname="api.testcases.UserTest" name="testDeleteUser" time="1.830"/>
  <system-out/>
</testsuite> <!-- api.testcases.UserTest -->
