<?xml version="1.0" encoding="UTF-8"?>
<!-- Generated by org.testng.reporters.JUnitReportReporter -->
<testsuite hostname="LAPTOP-AN4VQIJA" failures="0" tests="4" name="api.testcases.UserTest2" time="13.190" errors="0" timestamp="2024-12-05T00:48:16 IST" skipped="0">
  <testcase classname="api.testcases.UserTest2" name="testCreateUser" time="4.534"/>
  <system-out/>
  <testcase classname="api.testcases.UserTest2" name="testGetUserData" time="2.254"/>
  <system-out/>
  <testcase classname="api.testcases.UserTest2" name="testUpdateUser" time="3.990"/>
  <system-out/>
  <testcase classname="api.testcases.UserTest2" name="testDeleteUser" time="2.412"/>
  <system-out/>
</testsuite> <!-- api.testcases.UserTest2 -->
