<?xml version="1.0" encoding="UTF-8"?>
<!-- Generated by org.testng.reporters.JUnitReportReporter -->
<testsuite hostname="LAPTOP-AN4VQIJA" failures="0" tests="4" name="api.testcases.UserTest2" time="10.758" errors="0" timestamp="2024-12-05T01:02:47 IST" skipped="0">
  <testcase classname="api.testcases.UserTest2" name="testCreateUser" time="4.385"/>
  <system-out/>
  <testcase classname="api.testcases.UserTest2" name="testGetUserData" time="1.557"/>
  <system-out/>
  <testcase classname="api.testcases.UserTest2" name="testUpdateUser" time="3.280"/>
  <system-out/>
  <testcase classname="api.testcases.UserTest2" name="testDeleteUser" time="1.536"/>
  <system-out/>
</testsuite> <!-- api.testcases.UserTest2 -->
